Determining if the pthread_create exist failed with the following output:
Change Dir: /home/userpanda/panda_folder/panda_catkin_ws/src/franka_ros/franka_gripper/CMakeFiles/CMakeTmp

Run Build Command:"/usr/bin/make" "cmTC_5448d/fast"
/usr/bin/make -f CMakeFiles/cmTC_5448d.dir/build.make CMakeFiles/cmTC_5448d.dir/build
make[1]: Entering directory '/home/userpanda/panda_folder/panda_catkin_ws/src/franka_ros/franka_gripper/CMakeFiles/CMakeTmp'
Building C object CMakeFiles/cmTC_5448d.dir/CheckSymbolExists.c.o
/usr/bin/cc     -o CMakeFiles/cmTC_5448d.dir/CheckSymbolExists.c.o   -c /home/userpanda/panda_folder/panda_catkin_ws/src/franka_ros/franka_gripper/CMakeFiles/CMakeTmp/CheckSymbolExists.c
Linking C executable cmTC_5448d
/usr/bin/cmake -E cmake_link_script CMakeFiles/cmTC_5448d.dir/link.txt --verbose=1
/usr/bin/cc       CMakeFiles/cmTC_5448d.dir/CheckSymbolExists.c.o  -o cmTC_5448d -rdynamic 
CMakeFiles/cmTC_5448d.dir/CheckSymbolExists.c.o: In function `main':
CheckSymbolExists.c:(.text+0x16): undefined reference to `pthread_create'
collect2: error: ld returned 1 exit status
CMakeFiles/cmTC_5448d.dir/build.make:97: recipe for target 'cmTC_5448d' failed
make[1]: *** [cmTC_5448d] Error 1
make[1]: Leaving directory '/home/userpanda/panda_folder/panda_catkin_ws/src/franka_ros/franka_gripper/CMakeFiles/CMakeTmp'
Makefile:126: recipe for target 'cmTC_5448d/fast' failed
make: *** [cmTC_5448d/fast] Error 2

File /home/userpanda/panda_folder/panda_catkin_ws/src/franka_ros/franka_gripper/CMakeFiles/CMakeTmp/CheckSymbolExists.c:
/* */
#include <pthread.h>

int main(int argc, char** argv)
{
  (void)argv;
#ifndef pthread_create
  return ((int*)(&pthread_create))[argc];
#else
  (void)argc;
  return 0;
#endif
}

Determining if the function pthread_create exists in the pthreads failed with the following output:
Change Dir: /home/userpanda/panda_folder/panda_catkin_ws/src/franka_ros/franka_gripper/CMakeFiles/CMakeTmp

Run Build Command:"/usr/bin/make" "cmTC_c36bc/fast"
/usr/bin/make -f CMakeFiles/cmTC_c36bc.dir/build.make CMakeFiles/cmTC_c36bc.dir/build
make[1]: Entering directory '/home/userpanda/panda_folder/panda_catkin_ws/src/franka_ros/franka_gripper/CMakeFiles/CMakeTmp'
Building C object CMakeFiles/cmTC_c36bc.dir/CheckFunctionExists.c.o
/usr/bin/cc    -DCHECK_FUNCTION_EXISTS=pthread_create   -o CMakeFiles/cmTC_c36bc.dir/CheckFunctionExists.c.o   -c /usr/share/cmake-3.5/Modules/CheckFunctionExists.c
Linking C executable cmTC_c36bc
/usr/bin/cmake -E cmake_link_script CMakeFiles/cmTC_c36bc.dir/link.txt --verbose=1
/usr/bin/cc   -DCHECK_FUNCTION_EXISTS=pthread_create    CMakeFiles/cmTC_c36bc.dir/CheckFunctionExists.c.o  -o cmTC_c36bc -rdynamic -lpthreads 
/usr/bin/ld: cannot find -lpthreads
collect2: error: ld returned 1 exit status
CMakeFiles/cmTC_c36bc.dir/build.make:97: recipe for target 'cmTC_c36bc' failed
make[1]: *** [cmTC_c36bc] Error 1
make[1]: Leaving directory '/home/userpanda/panda_folder/panda_catkin_ws/src/franka_ros/franka_gripper/CMakeFiles/CMakeTmp'
Makefile:126: recipe for target 'cmTC_c36bc/fast' failed
make: *** [cmTC_c36bc/fast] Error 2


